[0.055s] Invoking command in '/home/frankpier/overcooked_ws/build/cx_overcooked': CMAKE_PREFIX_PATH=${CMAKE_PREFIX_PATH}:/home/frankpier/cxrl_ws/install/cx_reinforcement_learning DEBUGINFOD_URLS=https://debuginfod.fedoraproject.org/ OLDPWD=${OLDPWD}
BASH_FUNC_ml%%=() {  eval "$($LMOD_DIR/ml_cmd "$@")"
}
BASH_FUNC_module%%=() {  if [ -z "${LMOD_SH_DBG_ON+x}" ]; then
 case "$-" in
 *v*x*)
 __lmod_sh_dbg='vx'
 ;;
 *v*)
 __lmod_sh_dbg='v'
 ;;
 *x*)
 __lmod_sh_dbg='x'
 ;;
 esac;
 fi;
 if [ -n "${__lmod_sh_dbg:-}" ]; then
 set +$__lmod_sh_dbg;
 echo "Shell debugging temporarily silenced: export LMOD_SH_DBG_ON=1 for Lmod's output" 1>&2;
 fi;
 eval "$($LMOD_CMD shell "$@")" && eval "$(${LMOD_SETTARG_CMD:-:} -s sh)";
 __lmod_my_status=$?;
 if [ -n "${__lmod_sh_dbg:-}" ]; then
 echo "Shell debugging restarted" 1>&2;
 set -$__lmod_sh_dbg;
 fi;
 unset __lmod_sh_dbg;
 return $__lmod_my_status
}
BASH_FUNC_frgs%%=() {  $FAWKES_DIR/bin/./gazsim.bash -x kill;
 killall gzserver;
 $FAWKES_DIR/bin/./gazsim.bash -x start -r -k -a -l "$@"
}
BASH_FUNC_frcheck%%=() {  cd $FAWKES_DIR;
 make check;
 cd --
}
BASH_FUNC_frtest%%=() {  $FAWKES_DIR/tests.d/./cx-simtest.bash -k "$@"
}
BASH_FUNC_gitfulldiff%%=() {  git diff -U$(wc -l $1)
}
BASH_FUNC_frss%%=() {  $FAWKES_DIR/bin/./gazsim.bash -x kill;
 $FAWKES_DIR/bin/./gazsim.bash -r -k -o -m m-skill-sim-clips-exec "$@"
} _=/usr/bin/env /home/frankpier/.local/bin/cmake --build /home/frankpier/overcooked_ws/build/cx_overcooked -- -j8 -l8
[0.319s] -- Found ament_cmake: 1.3.9 (/usr/lib64/ros2-humble/share/ament_cmake/cmake)
[0.976s] -- Override CMake install command with custom implementation using symlinks instead of copying resources
[1.027s] -- Found ament_lint_auto: 0.12.11 (/usr/lib64/ros2-humble/share/ament_lint_auto/cmake)
[1.612s] -- Added test 'flake8' to check Python code syntax and style conventions
[1.617s] -- Added test 'lint_cmake' to check CMake code style
[1.621s] -- Added test 'pep257' to check Python code against some of the docstring style conventions in PEP 257
[1.635s] -- Added test 'xmllint' to check XML markup files
[1.647s] -- Configuring done (1.3s)
[1.675s] -- Generating done (0.0s)
[1.686s] -- Build files have been written to: /home/frankpier/overcooked_ws/build/cx_overcooked
[1.789s] Invoked command in '/home/frankpier/overcooked_ws/build/cx_overcooked' returned '0': CMAKE_PREFIX_PATH=${CMAKE_PREFIX_PATH}:/home/frankpier/cxrl_ws/install/cx_reinforcement_learning DEBUGINFOD_URLS=https://debuginfod.fedoraproject.org/ OLDPWD=${OLDPWD}
BASH_FUNC_ml%%=() {  eval "$($LMOD_DIR/ml_cmd "$@")"
}
BASH_FUNC_module%%=() {  if [ -z "${LMOD_SH_DBG_ON+x}" ]; then
 case "$-" in
 *v*x*)
 __lmod_sh_dbg='vx'
 ;;
 *v*)
 __lmod_sh_dbg='v'
 ;;
 *x*)
 __lmod_sh_dbg='x'
 ;;
 esac;
 fi;
 if [ -n "${__lmod_sh_dbg:-}" ]; then
 set +$__lmod_sh_dbg;
 echo "Shell debugging temporarily silenced: export LMOD_SH_DBG_ON=1 for Lmod's output" 1>&2;
 fi;
 eval "$($LMOD_CMD shell "$@")" && eval "$(${LMOD_SETTARG_CMD:-:} -s sh)";
 __lmod_my_status=$?;
 if [ -n "${__lmod_sh_dbg:-}" ]; then
 echo "Shell debugging restarted" 1>&2;
 set -$__lmod_sh_dbg;
 fi;
 unset __lmod_sh_dbg;
 return $__lmod_my_status
}
BASH_FUNC_frgs%%=() {  $FAWKES_DIR/bin/./gazsim.bash -x kill;
 killall gzserver;
 $FAWKES_DIR/bin/./gazsim.bash -x start -r -k -a -l "$@"
}
BASH_FUNC_frcheck%%=() {  cd $FAWKES_DIR;
 make check;
 cd --
}
BASH_FUNC_frtest%%=() {  $FAWKES_DIR/tests.d/./cx-simtest.bash -k "$@"
}
BASH_FUNC_gitfulldiff%%=() {  git diff -U$(wc -l $1)
}
BASH_FUNC_frss%%=() {  $FAWKES_DIR/bin/./gazsim.bash -x kill;
 $FAWKES_DIR/bin/./gazsim.bash -r -k -o -m m-skill-sim-clips-exec "$@"
} _=/usr/bin/env /home/frankpier/.local/bin/cmake --build /home/frankpier/overcooked_ws/build/cx_overcooked -- -j8 -l8
[2.163s] Invoking command in '/home/frankpier/overcooked_ws/build/cx_overcooked': CMAKE_PREFIX_PATH=${CMAKE_PREFIX_PATH}:/home/frankpier/cxrl_ws/install/cx_reinforcement_learning DEBUGINFOD_URLS=https://debuginfod.fedoraproject.org/ OLDPWD=${OLDPWD}
BASH_FUNC_ml%%=() {  eval "$($LMOD_DIR/ml_cmd "$@")"
}
BASH_FUNC_module%%=() {  if [ -z "${LMOD_SH_DBG_ON+x}" ]; then
 case "$-" in
 *v*x*)
 __lmod_sh_dbg='vx'
 ;;
 *v*)
 __lmod_sh_dbg='v'
 ;;
 *x*)
 __lmod_sh_dbg='x'
 ;;
 esac;
 fi;
 if [ -n "${__lmod_sh_dbg:-}" ]; then
 set +$__lmod_sh_dbg;
 echo "Shell debugging temporarily silenced: export LMOD_SH_DBG_ON=1 for Lmod's output" 1>&2;
 fi;
 eval "$($LMOD_CMD shell "$@")" && eval "$(${LMOD_SETTARG_CMD:-:} -s sh)";
 __lmod_my_status=$?;
 if [ -n "${__lmod_sh_dbg:-}" ]; then
 echo "Shell debugging restarted" 1>&2;
 set -$__lmod_sh_dbg;
 fi;
 unset __lmod_sh_dbg;
 return $__lmod_my_status
}
BASH_FUNC_frgs%%=() {  $FAWKES_DIR/bin/./gazsim.bash -x kill;
 killall gzserver;
 $FAWKES_DIR/bin/./gazsim.bash -x start -r -k -a -l "$@"
}
BASH_FUNC_frcheck%%=() {  cd $FAWKES_DIR;
 make check;
 cd --
}
BASH_FUNC_frtest%%=() {  $FAWKES_DIR/tests.d/./cx-simtest.bash -k "$@"
}
BASH_FUNC_gitfulldiff%%=() {  git diff -U$(wc -l $1)
}
BASH_FUNC_frss%%=() {  $FAWKES_DIR/bin/./gazsim.bash -x kill;
 $FAWKES_DIR/bin/./gazsim.bash -r -k -o -m m-skill-sim-clips-exec "$@"
} _=/usr/bin/env /home/frankpier/.local/bin/cmake --install /home/frankpier/overcooked_ws/build/cx_overcooked
[2.259s] -- Install configuration: ""
[2.261s] -- Execute custom install script
[2.262s] -- Symlinking: /home/frankpier/overcooked_ws/install/cx_overcooked/share/cx_overcooked/clips/overcooked-agent/domain.pddl
[2.271s] -- Symlinking: /home/frankpier/overcooked_ws/install/cx_overcooked/share/cx_overcooked/clips/overcooked-agent/goal-production.clp
[2.280s] -- Symlinking: /home/frankpier/overcooked_ws/install/cx_overcooked/share/cx_overcooked/clips/overcooked-agent/init.clp
[2.287s] -- Symlinking: /home/frankpier/overcooked_ws/install/cx_overcooked/share/cx_overcooked/clips/overcooked-agent/point-mapping.clp
[2.296s] -- Up-to-date symlink: /home/frankpier/overcooked_ws/install/cx_overcooked/share/cx_overcooked/launch/agent.launch.py
[2.298s] -- Up-to-date symlink: /home/frankpier/overcooked_ws/install/cx_overcooked/share/cx_overcooked/params/agent.yaml
[2.300s] -- Up-to-date symlink: /home/frankpier/overcooked_ws/install/cx_overcooked/share/cx_overcooked/params/clips_features_manager.yaml
[2.302s] -- Up-to-date symlink: /home/frankpier/overcooked_ws/install/cx_overcooked/share/ament_index/resource_index/package_run_dependencies/cx_overcooked
[2.305s] -- Up-to-date symlink: /home/frankpier/overcooked_ws/install/cx_overcooked/share/ament_index/resource_index/parent_prefix_path/cx_overcooked
[2.308s] -- Up-to-date symlink: /home/frankpier/overcooked_ws/install/cx_overcooked/share/cx_overcooked/environment/ament_prefix_path.sh
[2.310s] -- Up-to-date symlink: /home/frankpier/overcooked_ws/install/cx_overcooked/share/cx_overcooked/environment/ament_prefix_path.dsv
[2.311s] -- Up-to-date symlink: /home/frankpier/overcooked_ws/install/cx_overcooked/share/cx_overcooked/environment/path.sh
[2.312s] -- Up-to-date symlink: /home/frankpier/overcooked_ws/install/cx_overcooked/share/cx_overcooked/environment/path.dsv
[2.313s] -- Up-to-date symlink: /home/frankpier/overcooked_ws/install/cx_overcooked/share/cx_overcooked/local_setup.bash
[2.314s] -- Up-to-date symlink: /home/frankpier/overcooked_ws/install/cx_overcooked/share/cx_overcooked/local_setup.sh
[2.315s] -- Up-to-date symlink: /home/frankpier/overcooked_ws/install/cx_overcooked/share/cx_overcooked/local_setup.zsh
[2.317s] -- Up-to-date symlink: /home/frankpier/overcooked_ws/install/cx_overcooked/share/cx_overcooked/local_setup.dsv
[2.317s] -- Symlinking: /home/frankpier/overcooked_ws/install/cx_overcooked/share/cx_overcooked/package.dsv
[2.340s] -- Up-to-date symlink: /home/frankpier/overcooked_ws/install/cx_overcooked/share/ament_index/resource_index/packages/cx_overcooked
[2.340s] -- Up-to-date symlink: /home/frankpier/overcooked_ws/install/cx_overcooked/share/cx_overcooked/cmake/cx_overcookedConfig.cmake
[2.342s] -- Up-to-date symlink: /home/frankpier/overcooked_ws/install/cx_overcooked/share/cx_overcooked/cmake/cx_overcookedConfig-version.cmake
[2.343s] -- Up-to-date symlink: /home/frankpier/overcooked_ws/install/cx_overcooked/share/cx_overcooked/package.xml
[2.392s] Invoked command in '/home/frankpier/overcooked_ws/build/cx_overcooked' returned '0': CMAKE_PREFIX_PATH=${CMAKE_PREFIX_PATH}:/home/frankpier/cxrl_ws/install/cx_reinforcement_learning DEBUGINFOD_URLS=https://debuginfod.fedoraproject.org/ OLDPWD=${OLDPWD}
BASH_FUNC_ml%%=() {  eval "$($LMOD_DIR/ml_cmd "$@")"
}
BASH_FUNC_module%%=() {  if [ -z "${LMOD_SH_DBG_ON+x}" ]; then
 case "$-" in
 *v*x*)
 __lmod_sh_dbg='vx'
 ;;
 *v*)
 __lmod_sh_dbg='v'
 ;;
 *x*)
 __lmod_sh_dbg='x'
 ;;
 esac;
 fi;
 if [ -n "${__lmod_sh_dbg:-}" ]; then
 set +$__lmod_sh_dbg;
 echo "Shell debugging temporarily silenced: export LMOD_SH_DBG_ON=1 for Lmod's output" 1>&2;
 fi;
 eval "$($LMOD_CMD shell "$@")" && eval "$(${LMOD_SETTARG_CMD:-:} -s sh)";
 __lmod_my_status=$?;
 if [ -n "${__lmod_sh_dbg:-}" ]; then
 echo "Shell debugging restarted" 1>&2;
 set -$__lmod_sh_dbg;
 fi;
 unset __lmod_sh_dbg;
 return $__lmod_my_status
}
BASH_FUNC_frgs%%=() {  $FAWKES_DIR/bin/./gazsim.bash -x kill;
 killall gzserver;
 $FAWKES_DIR/bin/./gazsim.bash -x start -r -k -a -l "$@"
}
BASH_FUNC_frcheck%%=() {  cd $FAWKES_DIR;
 make check;
 cd --
}
BASH_FUNC_frtest%%=() {  $FAWKES_DIR/tests.d/./cx-simtest.bash -k "$@"
}
BASH_FUNC_gitfulldiff%%=() {  git diff -U$(wc -l $1)
}
BASH_FUNC_frss%%=() {  $FAWKES_DIR/bin/./gazsim.bash -x kill;
 $FAWKES_DIR/bin/./gazsim.bash -r -k -o -m m-skill-sim-clips-exec "$@"
} _=/usr/bin/env /home/frankpier/.local/bin/cmake --install /home/frankpier/overcooked_ws/build/cx_overcooked
