[1.545s] [34mcolcon[0m [1;30mDEBUG[0m [32mCommand line arguments: ['/usr/bin/colcon', 'build', '--symlink-install'][0m
[1.546s] [34mcolcon[0m [1;30mDEBUG[0m [32mParsed command line arguments: Namespace(log_base=None, log_level=None, verb_name='build', build_base='build', install_base='install', merge_install=False, symlink_install=True, test_result_base=None, continue_on_error=False, executor='parallel', parallel_workers=8, event_handlers=None, ignore_user_meta=False, metas=['./colcon.meta'], base_paths=['.'], packages_ignore=None, packages_ignore_regex=None, paths=None, packages_up_to=None, packages_up_to_regex=None, packages_above=None, packages_above_and_dependencies=None, packages_above_depth=None, packages_select_by_dep=None, packages_skip_by_dep=None, packages_skip_up_to=None, packages_select_build_failed=False, packages_skip_build_finished=False, packages_select_test_failures=False, packages_skip_test_passed=False, packages_select=None, packages_skip=None, packages_select_regex=None, packages_skip_regex=None, packages_start=None, packages_end=None, allow_overriding=[], cmake_args=None, cmake_target=None, cmake_target_skip_unavailable=False, cmake_clean_cache=False, cmake_clean_first=False, cmake_force_configure=False, ament_cmake_args=None, catkin_cmake_args=None, catkin_skip_building_tests=False, verb_parser=<colcon_defaults.argument_parser.defaults.DefaultArgumentsDecorator object at 0x7f942dc24530>, verb_extension=<colcon_core.verb.build.BuildVerb object at 0x7f942dc24350>, main=<bound method BuildVerb.main of <colcon_core.verb.build.BuildVerb object at 0x7f942dc24350>>)[0m
[1.777s] [34mcolcon.colcon_core.package_discovery[0m [1;30mLevel 1[0m discover_packages(colcon_meta) check parameters
[1.777s] [34mcolcon.colcon_core.package_discovery[0m [1;30mLevel 1[0m discover_packages(recursive) check parameters
[1.777s] [34mcolcon.colcon_core.package_discovery[0m [1;30mLevel 1[0m discover_packages(ignore) check parameters
[1.777s] [34mcolcon.colcon_core.package_discovery[0m [1;30mLevel 1[0m discover_packages(path) check parameters
[1.778s] [34mcolcon.colcon_core.package_discovery[0m [1;30mLevel 1[0m discover_packages(colcon_meta) discover
[1.778s] [34mcolcon.colcon_core.package_discovery[0m [1;30mLevel 1[0m discover_packages(recursive) discover
[1.778s] [34mcolcon.colcon_core.package_discovery[0m [1;30mINFO[0m Crawling recursively for packages in '/home/frankpier/overcooked_ws'
[1.778s] [34mcolcon.colcon_core.package_identification[0m [1;30mLevel 1[0m _identify(.) by extensions ['ignore', 'ignore_ament_install']
[1.779s] [34mcolcon.colcon_core.package_identification[0m [1;30mLevel 1[0m _identify(.) by extension 'ignore'
[1.779s] [34mcolcon.colcon_core.package_identification[0m [1;30mLevel 1[0m _identify(.) by extension 'ignore_ament_install'
[1.779s] [34mcolcon.colcon_core.package_identification[0m [1;30mLevel 1[0m _identify(.) by extensions ['colcon_pkg']
[1.779s] [34mcolcon.colcon_core.package_identification[0m [1;30mLevel 1[0m _identify(.) by extension 'colcon_pkg'
[1.779s] [34mcolcon.colcon_core.package_identification[0m [1;30mLevel 1[0m _identify(.) by extensions ['colcon_meta']
[1.779s] [34mcolcon.colcon_core.package_identification[0m [1;30mLevel 1[0m _identify(.) by extension 'colcon_meta'
[1.780s] [34mcolcon.colcon_core.package_identification[0m [1;30mLevel 1[0m _identify(.) by extensions ['ros']
[1.780s] [34mcolcon.colcon_core.package_identification[0m [1;30mLevel 1[0m _identify(.) by extension 'ros'
[1.858s] [34mcolcon.colcon_core.package_identification[0m [1;30mLevel 1[0m _identify(.) by extensions ['cmake', 'python']
[1.859s] [34mcolcon.colcon_core.package_identification[0m [1;30mLevel 1[0m _identify(.) by extension 'cmake'
[1.859s] [34mcolcon.colcon_core.package_identification[0m [1;30mLevel 1[0m _identify(.) by extension 'python'
[1.859s] [34mcolcon.colcon_core.package_identification[0m [1;30mLevel 1[0m _identify(.) by extensions ['python_setup_py']
[1.859s] [34mcolcon.colcon_core.package_identification[0m [1;30mLevel 1[0m _identify(.) by extension 'python_setup_py'
[1.860s] [34mcolcon.colcon_core.package_identification[0m [1;30mLevel 1[0m _identify(build) by extensions ['ignore', 'ignore_ament_install']
[1.860s] [34mcolcon.colcon_core.package_identification[0m [1;30mLevel 1[0m _identify(build) by extension 'ignore'
[1.860s] [34mcolcon.colcon_core.package_identification[0m [1;30mLevel 1[0m _identify(build) ignored
[1.861s] [34mcolcon.colcon_core.package_identification[0m [1;30mLevel 1[0m _identify(install) by extensions ['ignore', 'ignore_ament_install']
[1.861s] [34mcolcon.colcon_core.package_identification[0m [1;30mLevel 1[0m _identify(install) by extension 'ignore'
[1.861s] [34mcolcon.colcon_core.package_identification[0m [1;30mLevel 1[0m _identify(install) ignored
[1.862s] [34mcolcon.colcon_core.package_identification[0m [1;30mLevel 1[0m _identify(log) by extensions ['ignore', 'ignore_ament_install']
[1.862s] [34mcolcon.colcon_core.package_identification[0m [1;30mLevel 1[0m _identify(log) by extension 'ignore'
[1.862s] [34mcolcon.colcon_core.package_identification[0m [1;30mLevel 1[0m _identify(log) ignored
[1.863s] [34mcolcon.colcon_core.package_identification[0m [1;30mLevel 1[0m _identify(src) by extensions ['ignore', 'ignore_ament_install']
[1.863s] [34mcolcon.colcon_core.package_identification[0m [1;30mLevel 1[0m _identify(src) by extension 'ignore'
[1.863s] [34mcolcon.colcon_core.package_identification[0m [1;30mLevel 1[0m _identify(src) by extension 'ignore_ament_install'
[1.863s] [34mcolcon.colcon_core.package_identification[0m [1;30mLevel 1[0m _identify(src) by extensions ['colcon_pkg']
[1.864s] [34mcolcon.colcon_core.package_identification[0m [1;30mLevel 1[0m _identify(src) by extension 'colcon_pkg'
[1.864s] [34mcolcon.colcon_core.package_identification[0m [1;30mLevel 1[0m _identify(src) by extensions ['colcon_meta']
[1.864s] [34mcolcon.colcon_core.package_identification[0m [1;30mLevel 1[0m _identify(src) by extension 'colcon_meta'
[1.864s] [34mcolcon.colcon_core.package_identification[0m [1;30mLevel 1[0m _identify(src) by extensions ['ros']
[1.864s] [34mcolcon.colcon_core.package_identification[0m [1;30mLevel 1[0m _identify(src) by extension 'ros'
[1.865s] [34mcolcon.colcon_core.package_identification[0m [1;30mLevel 1[0m _identify(src) by extensions ['cmake', 'python']
[1.865s] [34mcolcon.colcon_core.package_identification[0m [1;30mLevel 1[0m _identify(src) by extension 'cmake'
[1.865s] [34mcolcon.colcon_core.package_identification[0m [1;30mLevel 1[0m _identify(src) by extension 'python'
[1.865s] [34mcolcon.colcon_core.package_identification[0m [1;30mLevel 1[0m _identify(src) by extensions ['python_setup_py']
[1.865s] [34mcolcon.colcon_core.package_identification[0m [1;30mLevel 1[0m _identify(src) by extension 'python_setup_py'
[1.866s] [34mcolcon.colcon_core.package_identification[0m [1;30mLevel 1[0m _identify(src/cx_overcooked) by extensions ['ignore', 'ignore_ament_install']
[1.866s] [34mcolcon.colcon_core.package_identification[0m [1;30mLevel 1[0m _identify(src/cx_overcooked) by extension 'ignore'
[1.867s] [34mcolcon.colcon_core.package_identification[0m [1;30mLevel 1[0m _identify(src/cx_overcooked) by extension 'ignore_ament_install'
[1.867s] [34mcolcon.colcon_core.package_identification[0m [1;30mLevel 1[0m _identify(src/cx_overcooked) by extensions ['colcon_pkg']
[1.867s] [34mcolcon.colcon_core.package_identification[0m [1;30mLevel 1[0m _identify(src/cx_overcooked) by extension 'colcon_pkg'
[1.867s] [34mcolcon.colcon_core.package_identification[0m [1;30mLevel 1[0m _identify(src/cx_overcooked) by extensions ['colcon_meta']
[1.867s] [34mcolcon.colcon_core.package_identification[0m [1;30mLevel 1[0m _identify(src/cx_overcooked) by extension 'colcon_meta'
[1.868s] [34mcolcon.colcon_core.package_identification[0m [1;30mLevel 1[0m _identify(src/cx_overcooked) by extensions ['ros']
[1.868s] [34mcolcon.colcon_core.package_identification[0m [1;30mLevel 1[0m _identify(src/cx_overcooked) by extension 'ros'
[1.878s] [34mcolcon.colcon_core.package_identification[0m [1;30mDEBUG[0m [32mPackage 'src/cx_overcooked' with type 'ros.ament_cmake' and name 'cx_overcooked'[0m
[1.878s] [34mcolcon.colcon_core.package_discovery[0m [1;30mLevel 1[0m discover_packages(recursive) using defaults
[1.879s] [34mcolcon.colcon_core.package_discovery[0m [1;30mLevel 1[0m discover_packages(ignore) discover
[1.879s] [34mcolcon.colcon_core.package_discovery[0m [1;30mLevel 1[0m discover_packages(ignore) using defaults
[1.879s] [34mcolcon.colcon_core.package_discovery[0m [1;30mLevel 1[0m discover_packages(path) discover
[1.879s] [34mcolcon.colcon_core.package_discovery[0m [1;30mLevel 1[0m discover_packages(path) using defaults
[1.944s] [34mcolcon.colcon_core.package_discovery[0m [1;30mLevel 1[0m discover_packages(prefix_path) check parameters
[1.944s] [34mcolcon.colcon_core.package_discovery[0m [1;30mLevel 1[0m discover_packages(prefix_path) discover
[1.956s] [34mcolcon.colcon_installed_package_information.package_discovery[0m [1;30mDEBUG[0m [32mFound 10 installed packages in /home/frankpier/cx_ws/install[0m
[1.957s] [34mcolcon.colcon_installed_package_information.package_discovery[0m [1;30mDEBUG[0m [32mFound 2 installed packages in /home/frankpier/cxrl_ws/install[0m
[1.980s] [34mcolcon.colcon_installed_package_information.package_discovery[0m [1;30mDEBUG[0m [32mFound 318 installed packages in /usr/lib64/ros2-humble[0m
[1.983s] [34mcolcon.colcon_installed_package_information.package_discovery[0m [1;30mDEBUG[0m [32mFound 3 installed packages in /home/frankpier/cx_deps_ws/install[0m
[1.984s] [34mcolcon.colcon_core.package_discovery[0m [1;30mLevel 1[0m discover_packages(prefix_path) using defaults
[2.325s] [34mcolcon.colcon_core.verb[0m [1;30mLevel 5[0m set package 'cx_overcooked' build argument 'cmake_args' from command line to 'None'
[2.326s] [34mcolcon.colcon_core.verb[0m [1;30mLevel 5[0m set package 'cx_overcooked' build argument 'cmake_target' from command line to 'None'
[2.326s] [34mcolcon.colcon_core.verb[0m [1;30mLevel 5[0m set package 'cx_overcooked' build argument 'cmake_target_skip_unavailable' from command line to 'False'
[2.326s] [34mcolcon.colcon_core.verb[0m [1;30mLevel 5[0m set package 'cx_overcooked' build argument 'cmake_clean_cache' from command line to 'False'
[2.326s] [34mcolcon.colcon_core.verb[0m [1;30mLevel 5[0m set package 'cx_overcooked' build argument 'cmake_clean_first' from command line to 'False'
[2.326s] [34mcolcon.colcon_core.verb[0m [1;30mLevel 5[0m set package 'cx_overcooked' build argument 'cmake_force_configure' from command line to 'False'
[2.326s] [34mcolcon.colcon_core.verb[0m [1;30mLevel 5[0m set package 'cx_overcooked' build argument 'ament_cmake_args' from command line to 'None'
[2.327s] [34mcolcon.colcon_core.verb[0m [1;30mLevel 5[0m set package 'cx_overcooked' build argument 'catkin_cmake_args' from command line to 'None'
[2.327s] [34mcolcon.colcon_core.verb[0m [1;30mLevel 5[0m set package 'cx_overcooked' build argument 'catkin_skip_building_tests' from command line to 'False'
[2.327s] [34mcolcon.colcon_core.verb[0m [1;30mDEBUG[0m [32mBuilding package 'cx_overcooked' with the following arguments: {'ament_cmake_args': None, 'build_base': '/home/frankpier/overcooked_ws/build/cx_overcooked', 'catkin_cmake_args': None, 'catkin_skip_building_tests': False, 'cmake_args': None, 'cmake_clean_cache': False, 'cmake_clean_first': False, 'cmake_force_configure': False, 'cmake_target': None, 'cmake_target_skip_unavailable': False, 'install_base': '/home/frankpier/overcooked_ws/install/cx_overcooked', 'merge_install': False, 'path': '/home/frankpier/overcooked_ws/src/cx_overcooked', 'symlink_install': True, 'test_result_base': None}[0m
[2.328s] [34mcolcon.colcon_core.executor[0m [1;30mINFO[0m Executing jobs using 'parallel' executor
[2.332s] [34mcolcon.colcon_parallel_executor.executor.parallel[0m [1;30mDEBUG[0m [32mrun_until_complete[0m
[2.333s] [34mcolcon.colcon_ros.task.ament_cmake.build[0m [1;30mINFO[0m Building ROS package in '/home/frankpier/overcooked_ws/src/cx_overcooked' with build type 'ament_cmake'
[2.334s] [34mcolcon.colcon_cmake.task.cmake.build[0m [1;30mINFO[0m Building CMake package in '/home/frankpier/overcooked_ws/src/cx_overcooked'
[2.348s] [34mcolcon.colcon_core.plugin_system[0m [1;30mINFO[0m Skipping extension 'colcon_core.shell.bat': Not used on non-Windows systems
[2.349s] [34mcolcon.colcon_core.shell[0m [1;30mINFO[0m Skip shell extension 'powershell' for command environment: Not usable outside of PowerShell
[2.349s] [34mcolcon.colcon_core.shell[0m [1;30mDEBUG[0m [32mSkip shell extension 'dsv' for command environment[0m
[2.428s] [34mcolcon.colcon_core.event_handler.log_command[0m [1;30mDEBUG[0m [32mInvoking command in '/home/frankpier/overcooked_ws/build/cx_overcooked': CMAKE_PREFIX_PATH=${CMAKE_PREFIX_PATH}:/home/frankpier/cxrl_ws/install/cx_reinforcement_learning DEBUGINFOD_URLS=https://debuginfod.fedoraproject.org/ OLDPWD=${OLDPWD}
BASH_FUNC_ml%%=() {  eval "$($LMOD_DIR/ml_cmd "$@")"
}
BASH_FUNC_module%%=() {  if [ -z "${LMOD_SH_DBG_ON+x}" ]; then
 case "$-" in
 *v*x*)
 __lmod_sh_dbg='vx'
 ;;
 *v*)
 __lmod_sh_dbg='v'
 ;;
 *x*)
 __lmod_sh_dbg='x'
 ;;
 esac;
 fi;
 if [ -n "${__lmod_sh_dbg:-}" ]; then
 set +$__lmod_sh_dbg;
 echo "Shell debugging temporarily silenced: export LMOD_SH_DBG_ON=1 for Lmod's output" 1>&2;
 fi;
 eval "$($LMOD_CMD shell "$@")" && eval "$(${LMOD_SETTARG_CMD:-:} -s sh)";
 __lmod_my_status=$?;
 if [ -n "${__lmod_sh_dbg:-}" ]; then
 echo "Shell debugging restarted" 1>&2;
 set -$__lmod_sh_dbg;
 fi;
 unset __lmod_sh_dbg;
 return $__lmod_my_status
}
BASH_FUNC_frgs%%=() {  $FAWKES_DIR/bin/./gazsim.bash -x kill;
 killall gzserver;
 $FAWKES_DIR/bin/./gazsim.bash -x start -r -k -a -l "$@"
}
BASH_FUNC_frcheck%%=() {  cd $FAWKES_DIR;
 make check;
 cd --
}
BASH_FUNC_frtest%%=() {  $FAWKES_DIR/tests.d/./cx-simtest.bash -k "$@"
}
BASH_FUNC_gitfulldiff%%=() {  git diff -U$(wc -l $1)
}
BASH_FUNC_frss%%=() {  $FAWKES_DIR/bin/./gazsim.bash -x kill;
 $FAWKES_DIR/bin/./gazsim.bash -r -k -o -m m-skill-sim-clips-exec "$@"
} _=/usr/bin/env /home/frankpier/.local/bin/cmake --build /home/frankpier/overcooked_ws/build/cx_overcooked -- -j8 -l8[0m
[3.641s] [34mcolcon.colcon_core.event_handler.log_command[0m [1;30mDEBUG[0m [32mInvoked command in '/home/frankpier/overcooked_ws/build/cx_overcooked' returned '0': CMAKE_PREFIX_PATH=${CMAKE_PREFIX_PATH}:/home/frankpier/cxrl_ws/install/cx_reinforcement_learning DEBUGINFOD_URLS=https://debuginfod.fedoraproject.org/ OLDPWD=${OLDPWD}
BASH_FUNC_ml%%=() {  eval "$($LMOD_DIR/ml_cmd "$@")"
}
BASH_FUNC_module%%=() {  if [ -z "${LMOD_SH_DBG_ON+x}" ]; then
 case "$-" in
 *v*x*)
 __lmod_sh_dbg='vx'
 ;;
 *v*)
 __lmod_sh_dbg='v'
 ;;
 *x*)
 __lmod_sh_dbg='x'
 ;;
 esac;
 fi;
 if [ -n "${__lmod_sh_dbg:-}" ]; then
 set +$__lmod_sh_dbg;
 echo "Shell debugging temporarily silenced: export LMOD_SH_DBG_ON=1 for Lmod's output" 1>&2;
 fi;
 eval "$($LMOD_CMD shell "$@")" && eval "$(${LMOD_SETTARG_CMD:-:} -s sh)";
 __lmod_my_status=$?;
 if [ -n "${__lmod_sh_dbg:-}" ]; then
 echo "Shell debugging restarted" 1>&2;
 set -$__lmod_sh_dbg;
 fi;
 unset __lmod_sh_dbg;
 return $__lmod_my_status
}
BASH_FUNC_frgs%%=() {  $FAWKES_DIR/bin/./gazsim.bash -x kill;
 killall gzserver;
 $FAWKES_DIR/bin/./gazsim.bash -x start -r -k -a -l "$@"
}
BASH_FUNC_frcheck%%=() {  cd $FAWKES_DIR;
 make check;
 cd --
}
BASH_FUNC_frtest%%=() {  $FAWKES_DIR/tests.d/./cx-simtest.bash -k "$@"
}
BASH_FUNC_gitfulldiff%%=() {  git diff -U$(wc -l $1)
}
BASH_FUNC_frss%%=() {  $FAWKES_DIR/bin/./gazsim.bash -x kill;
 $FAWKES_DIR/bin/./gazsim.bash -r -k -o -m m-skill-sim-clips-exec "$@"
} _=/usr/bin/env /home/frankpier/.local/bin/cmake --build /home/frankpier/overcooked_ws/build/cx_overcooked -- -j8 -l8[0m
[4.019s] [34mcolcon.colcon_core.event_handler.log_command[0m [1;30mDEBUG[0m [32mInvoking command in '/home/frankpier/overcooked_ws/build/cx_overcooked': CMAKE_PREFIX_PATH=${CMAKE_PREFIX_PATH}:/home/frankpier/cxrl_ws/install/cx_reinforcement_learning DEBUGINFOD_URLS=https://debuginfod.fedoraproject.org/ OLDPWD=${OLDPWD}
BASH_FUNC_ml%%=() {  eval "$($LMOD_DIR/ml_cmd "$@")"
}
BASH_FUNC_module%%=() {  if [ -z "${LMOD_SH_DBG_ON+x}" ]; then
 case "$-" in
 *v*x*)
 __lmod_sh_dbg='vx'
 ;;
 *v*)
 __lmod_sh_dbg='v'
 ;;
 *x*)
 __lmod_sh_dbg='x'
 ;;
 esac;
 fi;
 if [ -n "${__lmod_sh_dbg:-}" ]; then
 set +$__lmod_sh_dbg;
 echo "Shell debugging temporarily silenced: export LMOD_SH_DBG_ON=1 for Lmod's output" 1>&2;
 fi;
 eval "$($LMOD_CMD shell "$@")" && eval "$(${LMOD_SETTARG_CMD:-:} -s sh)";
 __lmod_my_status=$?;
 if [ -n "${__lmod_sh_dbg:-}" ]; then
 echo "Shell debugging restarted" 1>&2;
 set -$__lmod_sh_dbg;
 fi;
 unset __lmod_sh_dbg;
 return $__lmod_my_status
}
BASH_FUNC_frgs%%=() {  $FAWKES_DIR/bin/./gazsim.bash -x kill;
 killall gzserver;
 $FAWKES_DIR/bin/./gazsim.bash -x start -r -k -a -l "$@"
}
BASH_FUNC_frcheck%%=() {  cd $FAWKES_DIR;
 make check;
 cd --
}
BASH_FUNC_frtest%%=() {  $FAWKES_DIR/tests.d/./cx-simtest.bash -k "$@"
}
BASH_FUNC_gitfulldiff%%=() {  git diff -U$(wc -l $1)
}
BASH_FUNC_frss%%=() {  $FAWKES_DIR/bin/./gazsim.bash -x kill;
 $FAWKES_DIR/bin/./gazsim.bash -r -k -o -m m-skill-sim-clips-exec "$@"
} _=/usr/bin/env /home/frankpier/.local/bin/cmake --install /home/frankpier/overcooked_ws/build/cx_overcooked[0m
[4.222s] [34mcolcon.colcon_core.environment[0m [1;30mLevel 1[0m create_environment_scripts_only(cx_overcooked)
[4.226s] [34mcolcon.colcon_core.event_handler.log_command[0m [1;30mDEBUG[0m [32mInvoked command in '/home/frankpier/overcooked_ws/build/cx_overcooked' returned '0': CMAKE_PREFIX_PATH=${CMAKE_PREFIX_PATH}:/home/frankpier/cxrl_ws/install/cx_reinforcement_learning DEBUGINFOD_URLS=https://debuginfod.fedoraproject.org/ OLDPWD=${OLDPWD}
BASH_FUNC_ml%%=() {  eval "$($LMOD_DIR/ml_cmd "$@")"
}
BASH_FUNC_module%%=() {  if [ -z "${LMOD_SH_DBG_ON+x}" ]; then
 case "$-" in
 *v*x*)
 __lmod_sh_dbg='vx'
 ;;
 *v*)
 __lmod_sh_dbg='v'
 ;;
 *x*)
 __lmod_sh_dbg='x'
 ;;
 esac;
 fi;
 if [ -n "${__lmod_sh_dbg:-}" ]; then
 set +$__lmod_sh_dbg;
 echo "Shell debugging temporarily silenced: export LMOD_SH_DBG_ON=1 for Lmod's output" 1>&2;
 fi;
 eval "$($LMOD_CMD shell "$@")" && eval "$(${LMOD_SETTARG_CMD:-:} -s sh)";
 __lmod_my_status=$?;
 if [ -n "${__lmod_sh_dbg:-}" ]; then
 echo "Shell debugging restarted" 1>&2;
 set -$__lmod_sh_dbg;
 fi;
 unset __lmod_sh_dbg;
 return $__lmod_my_status
}
BASH_FUNC_frgs%%=() {  $FAWKES_DIR/bin/./gazsim.bash -x kill;
 killall gzserver;
 $FAWKES_DIR/bin/./gazsim.bash -x start -r -k -a -l "$@"
}
BASH_FUNC_frcheck%%=() {  cd $FAWKES_DIR;
 make check;
 cd --
}
BASH_FUNC_frtest%%=() {  $FAWKES_DIR/tests.d/./cx-simtest.bash -k "$@"
}
BASH_FUNC_gitfulldiff%%=() {  git diff -U$(wc -l $1)
}
BASH_FUNC_frss%%=() {  $FAWKES_DIR/bin/./gazsim.bash -x kill;
 $FAWKES_DIR/bin/./gazsim.bash -r -k -o -m m-skill-sim-clips-exec "$@"
} _=/usr/bin/env /home/frankpier/.local/bin/cmake --install /home/frankpier/overcooked_ws/build/cx_overcooked[0m
[4.248s] [34mcolcon.colcon_core.environment[0m [1;30mLevel 1[0m checking '/home/frankpier/overcooked_ws/install/cx_overcooked' for CMake module files
[4.253s] [34mcolcon.colcon_core.environment[0m [1;30mLevel 1[0m checking '/home/frankpier/overcooked_ws/install/cx_overcooked' for CMake config files
[4.256s] [34mcolcon.colcon_core.shell[0m [1;30mLevel 1[0m create_environment_hook('cx_overcooked', 'cmake_prefix_path')
[4.257s] [34mcolcon.colcon_core.shell[0m [1;30mINFO[0m Creating environment hook '/home/frankpier/overcooked_ws/install/cx_overcooked/share/cx_overcooked/hook/cmake_prefix_path.ps1'
[4.261s] [34mcolcon.colcon_core.shell[0m [1;30mINFO[0m Creating environment descriptor '/home/frankpier/overcooked_ws/install/cx_overcooked/share/cx_overcooked/hook/cmake_prefix_path.dsv'
[4.265s] [34mcolcon.colcon_core.shell[0m [1;30mINFO[0m Creating environment hook '/home/frankpier/overcooked_ws/install/cx_overcooked/share/cx_overcooked/hook/cmake_prefix_path.sh'
[4.271s] [34mcolcon.colcon_core.environment[0m [1;30mLevel 1[0m checking '/home/frankpier/overcooked_ws/install/cx_overcooked/bin'
[4.271s] [34mcolcon.colcon_core.environment[0m [1;30mLevel 1[0m checking '/home/frankpier/overcooked_ws/install/cx_overcooked/lib/pkgconfig/cx_overcooked.pc'
[4.282s] [34mcolcon.colcon_core.environment[0m [1;30mLevel 1[0m checking '/home/frankpier/overcooked_ws/install/cx_overcooked/lib/python3.12/site-packages'
[4.284s] [34mcolcon.colcon_core.environment[0m [1;30mLevel 1[0m checking '/home/frankpier/overcooked_ws/install/cx_overcooked/bin'
[4.286s] [34mcolcon.colcon_core.shell[0m [1;30mINFO[0m Creating package script '/home/frankpier/overcooked_ws/install/cx_overcooked/share/cx_overcooked/package.ps1'
[4.291s] [34mcolcon.colcon_core.shell[0m [1;30mINFO[0m Creating package descriptor '/home/frankpier/overcooked_ws/install/cx_overcooked/share/cx_overcooked/package.dsv'
[4.295s] [34mcolcon.colcon_core.shell[0m [1;30mINFO[0m Creating package script '/home/frankpier/overcooked_ws/install/cx_overcooked/share/cx_overcooked/package.sh'
[4.299s] [34mcolcon.colcon_core.shell[0m [1;30mINFO[0m Creating package script '/home/frankpier/overcooked_ws/install/cx_overcooked/share/cx_overcooked/package.bash'
[4.304s] [34mcolcon.colcon_core.shell[0m [1;30mINFO[0m Creating package script '/home/frankpier/overcooked_ws/install/cx_overcooked/share/cx_overcooked/package.zsh'
[4.308s] [34mcolcon.colcon_core.environment[0m [1;30mLevel 1[0m create_file_with_runtime_dependencies(/home/frankpier/overcooked_ws/install/cx_overcooked/share/colcon-core/packages/cx_overcooked)
[4.652s] [34mcolcon.colcon_core.environment[0m [1;30mLevel 1[0m create_environment_scripts_only(cx_overcooked)
[4.652s] [34mcolcon.colcon_core.environment[0m [1;30mLevel 1[0m checking '/home/frankpier/overcooked_ws/install/cx_overcooked' for CMake module files
[4.654s] [34mcolcon.colcon_core.environment[0m [1;30mLevel 1[0m checking '/home/frankpier/overcooked_ws/install/cx_overcooked' for CMake config files
[4.656s] [34mcolcon.colcon_core.shell[0m [1;30mLevel 1[0m create_environment_hook('cx_overcooked', 'cmake_prefix_path')
[4.657s] [34mcolcon.colcon_core.shell[0m [1;30mINFO[0m Creating environment hook '/home/frankpier/overcooked_ws/install/cx_overcooked/share/cx_overcooked/hook/cmake_prefix_path.ps1'
[4.660s] [34mcolcon.colcon_core.shell[0m [1;30mINFO[0m Creating environment descriptor '/home/frankpier/overcooked_ws/install/cx_overcooked/share/cx_overcooked/hook/cmake_prefix_path.dsv'
[4.661s] [34mcolcon.colcon_core.shell[0m [1;30mINFO[0m Creating environment hook '/home/frankpier/overcooked_ws/install/cx_overcooked/share/cx_overcooked/hook/cmake_prefix_path.sh'
[4.663s] [34mcolcon.colcon_core.environment[0m [1;30mLevel 1[0m checking '/home/frankpier/overcooked_ws/install/cx_overcooked/bin'
[4.663s] [34mcolcon.colcon_core.environment[0m [1;30mLevel 1[0m checking '/home/frankpier/overcooked_ws/install/cx_overcooked/lib/pkgconfig/cx_overcooked.pc'
[4.664s] [34mcolcon.colcon_core.environment[0m [1;30mLevel 1[0m checking '/home/frankpier/overcooked_ws/install/cx_overcooked/lib/python3.12/site-packages'
[4.665s] [34mcolcon.colcon_core.environment[0m [1;30mLevel 1[0m checking '/home/frankpier/overcooked_ws/install/cx_overcooked/bin'
[4.666s] [34mcolcon.colcon_core.shell[0m [1;30mINFO[0m Creating package script '/home/frankpier/overcooked_ws/install/cx_overcooked/share/cx_overcooked/package.ps1'
[4.670s] [34mcolcon.colcon_core.shell[0m [1;30mINFO[0m Creating package descriptor '/home/frankpier/overcooked_ws/install/cx_overcooked/share/cx_overcooked/package.dsv'
[4.672s] [34mcolcon.colcon_core.shell[0m [1;30mINFO[0m Creating package script '/home/frankpier/overcooked_ws/install/cx_overcooked/share/cx_overcooked/package.sh'
[4.673s] [34mcolcon.colcon_core.shell[0m [1;30mINFO[0m Creating package script '/home/frankpier/overcooked_ws/install/cx_overcooked/share/cx_overcooked/package.bash'
[4.674s] [34mcolcon.colcon_core.shell[0m [1;30mINFO[0m Creating package script '/home/frankpier/overcooked_ws/install/cx_overcooked/share/cx_overcooked/package.zsh'
[4.677s] [34mcolcon.colcon_core.environment[0m [1;30mLevel 1[0m create_file_with_runtime_dependencies(/home/frankpier/overcooked_ws/install/cx_overcooked/share/colcon-core/packages/cx_overcooked)
[4.678s] [34mcolcon.colcon_parallel_executor.executor.parallel[0m [1;30mDEBUG[0m [32mclosing loop[0m
[4.678s] [34mcolcon.colcon_parallel_executor.executor.parallel[0m [1;30mDEBUG[0m [32mloop closed[0m
[4.679s] [34mcolcon.colcon_parallel_executor.executor.parallel[0m [1;30mDEBUG[0m [32mrun_until_complete finished with '0'[0m
[4.679s] [34mcolcon.colcon_core.event_reactor[0m [1;30mDEBUG[0m [32mjoining thread[0m
[4.767s] [34mcolcon.colcon_core.plugin_system[0m [1;30mINFO[0m Skipping extension 'colcon_notification.desktop_notification.terminal_notifier': Not used on non-Darwin systems
[4.770s] [34mcolcon.colcon_core.plugin_system[0m [1;30mINFO[0m Skipping extension 'colcon_notification.desktop_notification.win32': Not used on non-Windows systems
[4.772s] [34mcolcon.colcon_notification.desktop_notification[0m [1;30mINFO[0m Sending desktop notification using 'notify2'
[4.855s] [34mcolcon.colcon_core.event_reactor[0m [1;30mDEBUG[0m [32mjoined thread[0m
[4.856s] [34mcolcon.colcon_core.shell[0m [1;30mINFO[0m Creating prefix script '/home/frankpier/overcooked_ws/install/local_setup.ps1'
[4.860s] [34mcolcon.colcon_core.shell[0m [1;30mINFO[0m Creating prefix util module '/home/frankpier/overcooked_ws/install/_local_setup_util_ps1.py'
[4.868s] [34mcolcon.colcon_core.shell[0m [1;30mINFO[0m Creating prefix chain script '/home/frankpier/overcooked_ws/install/setup.ps1'
[4.873s] [34mcolcon.colcon_core.shell[0m [1;30mINFO[0m Creating prefix script '/home/frankpier/overcooked_ws/install/local_setup.sh'
[4.876s] [34mcolcon.colcon_core.shell[0m [1;30mINFO[0m Creating prefix util module '/home/frankpier/overcooked_ws/install/_local_setup_util_sh.py'
[4.878s] [34mcolcon.colcon_core.shell[0m [1;30mINFO[0m Creating prefix chain script '/home/frankpier/overcooked_ws/install/setup.sh'
[4.884s] [34mcolcon.colcon_core.shell[0m [1;30mINFO[0m Creating prefix script '/home/frankpier/overcooked_ws/install/local_setup.bash'
[4.886s] [34mcolcon.colcon_core.shell[0m [1;30mINFO[0m Creating prefix chain script '/home/frankpier/overcooked_ws/install/setup.bash'
[4.891s] [34mcolcon.colcon_core.shell[0m [1;30mINFO[0m Creating prefix script '/home/frankpier/overcooked_ws/install/local_setup.zsh'
[4.895s] [34mcolcon.colcon_core.shell[0m [1;30mINFO[0m Creating prefix chain script '/home/frankpier/overcooked_ws/install/setup.zsh'
