[0.021s] Invoking command in '/home/frankpier/overcooked_ws/build/cx_overcooked': CMAKE_PREFIX_PATH=${CMAKE_PREFIX_PATH}:/home/frankpier/cxrl_ws/install/cx_reinforcement_learning DEBUGINFOD_URLS=https://debuginfod.fedoraproject.org/ OLDPWD=${OLDPWD}
BASH_FUNC_ml%%=() {  eval "$($LMOD_DIR/ml_cmd "$@")"
}
BASH_FUNC_module%%=() {  if [ -z "${LMOD_SH_DBG_ON+x}" ]; then
 case "$-" in
 *v*x*)
 __lmod_sh_dbg='vx'
 ;;
 *v*)
 __lmod_sh_dbg='v'
 ;;
 *x*)
 __lmod_sh_dbg='x'
 ;;
 esac;
 fi;
 if [ -n "${__lmod_sh_dbg:-}" ]; then
 set +$__lmod_sh_dbg;
 echo "Shell debugging temporarily silenced: export LMOD_SH_DBG_ON=1 for Lmod's output" 1>&2;
 fi;
 eval "$($LMOD_CMD shell "$@")" && eval "$(${LMOD_SETTARG_CMD:-:} -s sh)";
 __lmod_my_status=$?;
 if [ -n "${__lmod_sh_dbg:-}" ]; then
 echo "Shell debugging restarted" 1>&2;
 set -$__lmod_sh_dbg;
 fi;
 unset __lmod_sh_dbg;
 return $__lmod_my_status
}
BASH_FUNC_frgs%%=() {  $FAWKES_DIR/bin/./gazsim.bash -x kill;
 killall gzserver;
 $FAWKES_DIR/bin/./gazsim.bash -x start -r -k -a -l "$@"
}
BASH_FUNC_frcheck%%=() {  cd $FAWKES_DIR;
 make check;
 cd --
}
BASH_FUNC_frtest%%=() {  $FAWKES_DIR/tests.d/./cx-simtest.bash -k "$@"
}
BASH_FUNC_gitfulldiff%%=() {  git diff -U$(wc -l $1)
}
BASH_FUNC_frss%%=() {  $FAWKES_DIR/bin/./gazsim.bash -x kill;
 $FAWKES_DIR/bin/./gazsim.bash -r -k -o -m m-skill-sim-clips-exec "$@"
} _=/usr/bin/env /home/frankpier/.local/bin/cmake /home/frankpier/overcooked_ws/src/cx_overcooked -DAMENT_CMAKE_SYMLINK_INSTALL=1 -DCMAKE_INSTALL_PREFIX=/home/frankpier/overcooked_ws/install/cx_overcooked
[0.349s] -- The C compiler identification is GNU 13.3.1
[0.551s] -- The CXX compiler identification is GNU 13.3.1
[0.573s] -- Detecting C compiler ABI info
[0.932s] -- Detecting C compiler ABI info - done
[0.946s] -- Check for working C compiler: /usr/lib64/ccache/cc - skipped
[0.947s] -- Detecting C compile features
[0.948s] -- Detecting C compile features - done
[0.953s] -- Detecting CXX compiler ABI info
[1.198s] -- Detecting CXX compiler ABI info - done
[1.219s] -- Check for working CXX compiler: /usr/lib64/ccache/c++ - skipped
[1.220s] -- Detecting CXX compile features
[1.221s] -- Detecting CXX compile features - done
[1.239s] -- Found ament_cmake: 1.3.9 (/usr/lib64/ros2-humble/share/ament_cmake/cmake)
[1.674s] -- Found Python3: /usr/bin/python3 (found version "3.12.4") found components: Interpreter 
[1.785s] -- Override CMake install command with custom implementation using symlinks instead of copying resources
[1.842s] -- Found ament_lint_auto: 0.12.11 (/usr/lib64/ros2-humble/share/ament_lint_auto/cmake)
[1.978s] -- Added test 'flake8' to check Python code syntax and style conventions
[1.979s] -- Added test 'lint_cmake' to check CMake code style
[1.980s] -- Added test 'pep257' to check Python code against some of the docstring style conventions in PEP 257
[1.982s] -- Added test 'xmllint' to check XML markup files
[1.985s] -- Configuring done (1.9s)
[1.989s] -- Generating done (0.0s)
[1.990s] -- Build files have been written to: /home/frankpier/overcooked_ws/build/cx_overcooked
[1.999s] Invoked command in '/home/frankpier/overcooked_ws/build/cx_overcooked' returned '0': CMAKE_PREFIX_PATH=${CMAKE_PREFIX_PATH}:/home/frankpier/cxrl_ws/install/cx_reinforcement_learning DEBUGINFOD_URLS=https://debuginfod.fedoraproject.org/ OLDPWD=${OLDPWD}
BASH_FUNC_ml%%=() {  eval "$($LMOD_DIR/ml_cmd "$@")"
}
BASH_FUNC_module%%=() {  if [ -z "${LMOD_SH_DBG_ON+x}" ]; then
 case "$-" in
 *v*x*)
 __lmod_sh_dbg='vx'
 ;;
 *v*)
 __lmod_sh_dbg='v'
 ;;
 *x*)
 __lmod_sh_dbg='x'
 ;;
 esac;
 fi;
 if [ -n "${__lmod_sh_dbg:-}" ]; then
 set +$__lmod_sh_dbg;
 echo "Shell debugging temporarily silenced: export LMOD_SH_DBG_ON=1 for Lmod's output" 1>&2;
 fi;
 eval "$($LMOD_CMD shell "$@")" && eval "$(${LMOD_SETTARG_CMD:-:} -s sh)";
 __lmod_my_status=$?;
 if [ -n "${__lmod_sh_dbg:-}" ]; then
 echo "Shell debugging restarted" 1>&2;
 set -$__lmod_sh_dbg;
 fi;
 unset __lmod_sh_dbg;
 return $__lmod_my_status
}
BASH_FUNC_frgs%%=() {  $FAWKES_DIR/bin/./gazsim.bash -x kill;
 killall gzserver;
 $FAWKES_DIR/bin/./gazsim.bash -x start -r -k -a -l "$@"
}
BASH_FUNC_frcheck%%=() {  cd $FAWKES_DIR;
 make check;
 cd --
}
BASH_FUNC_frtest%%=() {  $FAWKES_DIR/tests.d/./cx-simtest.bash -k "$@"
}
BASH_FUNC_gitfulldiff%%=() {  git diff -U$(wc -l $1)
}
BASH_FUNC_frss%%=() {  $FAWKES_DIR/bin/./gazsim.bash -x kill;
 $FAWKES_DIR/bin/./gazsim.bash -r -k -o -m m-skill-sim-clips-exec "$@"
} _=/usr/bin/env /home/frankpier/.local/bin/cmake /home/frankpier/overcooked_ws/src/cx_overcooked -DAMENT_CMAKE_SYMLINK_INSTALL=1 -DCMAKE_INSTALL_PREFIX=/home/frankpier/overcooked_ws/install/cx_overcooked
[2.001s] Invoking command in '/home/frankpier/overcooked_ws/build/cx_overcooked': CMAKE_PREFIX_PATH=${CMAKE_PREFIX_PATH}:/home/frankpier/cxrl_ws/install/cx_reinforcement_learning DEBUGINFOD_URLS=https://debuginfod.fedoraproject.org/ OLDPWD=${OLDPWD}
BASH_FUNC_ml%%=() {  eval "$($LMOD_DIR/ml_cmd "$@")"
}
BASH_FUNC_module%%=() {  if [ -z "${LMOD_SH_DBG_ON+x}" ]; then
 case "$-" in
 *v*x*)
 __lmod_sh_dbg='vx'
 ;;
 *v*)
 __lmod_sh_dbg='v'
 ;;
 *x*)
 __lmod_sh_dbg='x'
 ;;
 esac;
 fi;
 if [ -n "${__lmod_sh_dbg:-}" ]; then
 set +$__lmod_sh_dbg;
 echo "Shell debugging temporarily silenced: export LMOD_SH_DBG_ON=1 for Lmod's output" 1>&2;
 fi;
 eval "$($LMOD_CMD shell "$@")" && eval "$(${LMOD_SETTARG_CMD:-:} -s sh)";
 __lmod_my_status=$?;
 if [ -n "${__lmod_sh_dbg:-}" ]; then
 echo "Shell debugging restarted" 1>&2;
 set -$__lmod_sh_dbg;
 fi;
 unset __lmod_sh_dbg;
 return $__lmod_my_status
}
BASH_FUNC_frgs%%=() {  $FAWKES_DIR/bin/./gazsim.bash -x kill;
 killall gzserver;
 $FAWKES_DIR/bin/./gazsim.bash -x start -r -k -a -l "$@"
}
BASH_FUNC_frcheck%%=() {  cd $FAWKES_DIR;
 make check;
 cd --
}
BASH_FUNC_frtest%%=() {  $FAWKES_DIR/tests.d/./cx-simtest.bash -k "$@"
}
BASH_FUNC_gitfulldiff%%=() {  git diff -U$(wc -l $1)
}
BASH_FUNC_frss%%=() {  $FAWKES_DIR/bin/./gazsim.bash -x kill;
 $FAWKES_DIR/bin/./gazsim.bash -r -k -o -m m-skill-sim-clips-exec "$@"
} _=/usr/bin/env /home/frankpier/.local/bin/cmake --build /home/frankpier/overcooked_ws/build/cx_overcooked -- -j8 -l8
[2.062s] Invoked command in '/home/frankpier/overcooked_ws/build/cx_overcooked' returned '0': CMAKE_PREFIX_PATH=${CMAKE_PREFIX_PATH}:/home/frankpier/cxrl_ws/install/cx_reinforcement_learning DEBUGINFOD_URLS=https://debuginfod.fedoraproject.org/ OLDPWD=${OLDPWD}
BASH_FUNC_ml%%=() {  eval "$($LMOD_DIR/ml_cmd "$@")"
}
BASH_FUNC_module%%=() {  if [ -z "${LMOD_SH_DBG_ON+x}" ]; then
 case "$-" in
 *v*x*)
 __lmod_sh_dbg='vx'
 ;;
 *v*)
 __lmod_sh_dbg='v'
 ;;
 *x*)
 __lmod_sh_dbg='x'
 ;;
 esac;
 fi;
 if [ -n "${__lmod_sh_dbg:-}" ]; then
 set +$__lmod_sh_dbg;
 echo "Shell debugging temporarily silenced: export LMOD_SH_DBG_ON=1 for Lmod's output" 1>&2;
 fi;
 eval "$($LMOD_CMD shell "$@")" && eval "$(${LMOD_SETTARG_CMD:-:} -s sh)";
 __lmod_my_status=$?;
 if [ -n "${__lmod_sh_dbg:-}" ]; then
 echo "Shell debugging restarted" 1>&2;
 set -$__lmod_sh_dbg;
 fi;
 unset __lmod_sh_dbg;
 return $__lmod_my_status
}
BASH_FUNC_frgs%%=() {  $FAWKES_DIR/bin/./gazsim.bash -x kill;
 killall gzserver;
 $FAWKES_DIR/bin/./gazsim.bash -x start -r -k -a -l "$@"
}
BASH_FUNC_frcheck%%=() {  cd $FAWKES_DIR;
 make check;
 cd --
}
BASH_FUNC_frtest%%=() {  $FAWKES_DIR/tests.d/./cx-simtest.bash -k "$@"
}
BASH_FUNC_gitfulldiff%%=() {  git diff -U$(wc -l $1)
}
BASH_FUNC_frss%%=() {  $FAWKES_DIR/bin/./gazsim.bash -x kill;
 $FAWKES_DIR/bin/./gazsim.bash -r -k -o -m m-skill-sim-clips-exec "$@"
} _=/usr/bin/env /home/frankpier/.local/bin/cmake --build /home/frankpier/overcooked_ws/build/cx_overcooked -- -j8 -l8
[2.172s] Invoking command in '/home/frankpier/overcooked_ws/build/cx_overcooked': CMAKE_PREFIX_PATH=${CMAKE_PREFIX_PATH}:/home/frankpier/cxrl_ws/install/cx_reinforcement_learning DEBUGINFOD_URLS=https://debuginfod.fedoraproject.org/ OLDPWD=${OLDPWD}
BASH_FUNC_ml%%=() {  eval "$($LMOD_DIR/ml_cmd "$@")"
}
BASH_FUNC_module%%=() {  if [ -z "${LMOD_SH_DBG_ON+x}" ]; then
 case "$-" in
 *v*x*)
 __lmod_sh_dbg='vx'
 ;;
 *v*)
 __lmod_sh_dbg='v'
 ;;
 *x*)
 __lmod_sh_dbg='x'
 ;;
 esac;
 fi;
 if [ -n "${__lmod_sh_dbg:-}" ]; then
 set +$__lmod_sh_dbg;
 echo "Shell debugging temporarily silenced: export LMOD_SH_DBG_ON=1 for Lmod's output" 1>&2;
 fi;
 eval "$($LMOD_CMD shell "$@")" && eval "$(${LMOD_SETTARG_CMD:-:} -s sh)";
 __lmod_my_status=$?;
 if [ -n "${__lmod_sh_dbg:-}" ]; then
 echo "Shell debugging restarted" 1>&2;
 set -$__lmod_sh_dbg;
 fi;
 unset __lmod_sh_dbg;
 return $__lmod_my_status
}
BASH_FUNC_frgs%%=() {  $FAWKES_DIR/bin/./gazsim.bash -x kill;
 killall gzserver;
 $FAWKES_DIR/bin/./gazsim.bash -x start -r -k -a -l "$@"
}
BASH_FUNC_frcheck%%=() {  cd $FAWKES_DIR;
 make check;
 cd --
}
BASH_FUNC_frtest%%=() {  $FAWKES_DIR/tests.d/./cx-simtest.bash -k "$@"
}
BASH_FUNC_gitfulldiff%%=() {  git diff -U$(wc -l $1)
}
BASH_FUNC_frss%%=() {  $FAWKES_DIR/bin/./gazsim.bash -x kill;
 $FAWKES_DIR/bin/./gazsim.bash -r -k -o -m m-skill-sim-clips-exec "$@"
} _=/usr/bin/env /home/frankpier/.local/bin/cmake --install /home/frankpier/overcooked_ws/build/cx_overcooked
[2.208s] -- Install configuration: ""
[2.211s] -- Execute custom install script
[2.211s] -- Symlinking: /home/frankpier/overcooked_ws/install/cx_overcooked/share/ament_index/resource_index/package_run_dependencies/cx_overcooked
[2.215s] -- Symlinking: /home/frankpier/overcooked_ws/install/cx_overcooked/share/ament_index/resource_index/parent_prefix_path/cx_overcooked
[2.218s] -- Symlinking: /home/frankpier/overcooked_ws/install/cx_overcooked/share/cx_overcooked/environment/ament_prefix_path.sh
[2.221s] -- Symlinking: /home/frankpier/overcooked_ws/install/cx_overcooked/share/cx_overcooked/environment/ament_prefix_path.dsv
[2.224s] -- Symlinking: /home/frankpier/overcooked_ws/install/cx_overcooked/share/cx_overcooked/environment/path.sh
[2.228s] -- Symlinking: /home/frankpier/overcooked_ws/install/cx_overcooked/share/cx_overcooked/environment/path.dsv
[2.231s] -- Symlinking: /home/frankpier/overcooked_ws/install/cx_overcooked/share/cx_overcooked/local_setup.bash
[2.235s] -- Symlinking: /home/frankpier/overcooked_ws/install/cx_overcooked/share/cx_overcooked/local_setup.sh
[2.239s] -- Symlinking: /home/frankpier/overcooked_ws/install/cx_overcooked/share/cx_overcooked/local_setup.zsh
[2.242s] -- Symlinking: /home/frankpier/overcooked_ws/install/cx_overcooked/share/cx_overcooked/local_setup.dsv
[2.246s] -- Symlinking: /home/frankpier/overcooked_ws/install/cx_overcooked/share/cx_overcooked/package.dsv
[2.249s] -- Symlinking: /home/frankpier/overcooked_ws/install/cx_overcooked/share/ament_index/resource_index/packages/cx_overcooked
[2.253s] -- Symlinking: /home/frankpier/overcooked_ws/install/cx_overcooked/share/cx_overcooked/cmake/cx_overcookedConfig.cmake
[2.256s] -- Symlinking: /home/frankpier/overcooked_ws/install/cx_overcooked/share/cx_overcooked/cmake/cx_overcookedConfig-version.cmake
[2.260s] -- Symlinking: /home/frankpier/overcooked_ws/install/cx_overcooked/share/cx_overcooked/package.xml
[2.270s] Invoked command in '/home/frankpier/overcooked_ws/build/cx_overcooked' returned '0': CMAKE_PREFIX_PATH=${CMAKE_PREFIX_PATH}:/home/frankpier/cxrl_ws/install/cx_reinforcement_learning DEBUGINFOD_URLS=https://debuginfod.fedoraproject.org/ OLDPWD=${OLDPWD}
BASH_FUNC_ml%%=() {  eval "$($LMOD_DIR/ml_cmd "$@")"
}
BASH_FUNC_module%%=() {  if [ -z "${LMOD_SH_DBG_ON+x}" ]; then
 case "$-" in
 *v*x*)
 __lmod_sh_dbg='vx'
 ;;
 *v*)
 __lmod_sh_dbg='v'
 ;;
 *x*)
 __lmod_sh_dbg='x'
 ;;
 esac;
 fi;
 if [ -n "${__lmod_sh_dbg:-}" ]; then
 set +$__lmod_sh_dbg;
 echo "Shell debugging temporarily silenced: export LMOD_SH_DBG_ON=1 for Lmod's output" 1>&2;
 fi;
 eval "$($LMOD_CMD shell "$@")" && eval "$(${LMOD_SETTARG_CMD:-:} -s sh)";
 __lmod_my_status=$?;
 if [ -n "${__lmod_sh_dbg:-}" ]; then
 echo "Shell debugging restarted" 1>&2;
 set -$__lmod_sh_dbg;
 fi;
 unset __lmod_sh_dbg;
 return $__lmod_my_status
}
BASH_FUNC_frgs%%=() {  $FAWKES_DIR/bin/./gazsim.bash -x kill;
 killall gzserver;
 $FAWKES_DIR/bin/./gazsim.bash -x start -r -k -a -l "$@"
}
BASH_FUNC_frcheck%%=() {  cd $FAWKES_DIR;
 make check;
 cd --
}
BASH_FUNC_frtest%%=() {  $FAWKES_DIR/tests.d/./cx-simtest.bash -k "$@"
}
BASH_FUNC_gitfulldiff%%=() {  git diff -U$(wc -l $1)
}
BASH_FUNC_frss%%=() {  $FAWKES_DIR/bin/./gazsim.bash -x kill;
 $FAWKES_DIR/bin/./gazsim.bash -r -k -o -m m-skill-sim-clips-exec "$@"
} _=/usr/bin/env /home/frankpier/.local/bin/cmake --install /home/frankpier/overcooked_ws/build/cx_overcooked
