[0.019s] Invoking command in '/home/frankpier/overcooked_ws/build/cx_overcooked': CMAKE_PREFIX_PATH=${CMAKE_PREFIX_PATH}:/home/frankpier/cxrl_ws/install/cx_reinforcement_learning DEBUGINFOD_URLS=https://debuginfod.fedoraproject.org/ OLDPWD=${OLDPWD}
BASH_FUNC_ml%%=() {  eval "$($LMOD_DIR/ml_cmd "$@")"
}
BASH_FUNC_module%%=() {  if [ -z "${LMOD_SH_DBG_ON+x}" ]; then
 case "$-" in
 *v*x*)
 __lmod_sh_dbg='vx'
 ;;
 *v*)
 __lmod_sh_dbg='v'
 ;;
 *x*)
 __lmod_sh_dbg='x'
 ;;
 esac;
 fi;
 if [ -n "${__lmod_sh_dbg:-}" ]; then
 set +$__lmod_sh_dbg;
 echo "Shell debugging temporarily silenced: export LMOD_SH_DBG_ON=1 for Lmod's output" 1>&2;
 fi;
 eval "$($LMOD_CMD shell "$@")" && eval "$(${LMOD_SETTARG_CMD:-:} -s sh)";
 __lmod_my_status=$?;
 if [ -n "${__lmod_sh_dbg:-}" ]; then
 echo "Shell debugging restarted" 1>&2;
 set -$__lmod_sh_dbg;
 fi;
 unset __lmod_sh_dbg;
 return $__lmod_my_status
}
BASH_FUNC_frgs%%=() {  $FAWKES_DIR/bin/./gazsim.bash -x kill;
 killall gzserver;
 $FAWKES_DIR/bin/./gazsim.bash -x start -r -k -a -l "$@"
}
BASH_FUNC_frcheck%%=() {  cd $FAWKES_DIR;
 make check;
 cd --
}
BASH_FUNC_frtest%%=() {  $FAWKES_DIR/tests.d/./cx-simtest.bash -k "$@"
}
BASH_FUNC_gitfulldiff%%=() {  git diff -U$(wc -l $1)
}
BASH_FUNC_frss%%=() {  $FAWKES_DIR/bin/./gazsim.bash -x kill;
 $FAWKES_DIR/bin/./gazsim.bash -r -k -o -m m-skill-sim-clips-exec "$@"
} _=/usr/bin/env /home/frankpier/.local/bin/cmake --build /home/frankpier/overcooked_ws/build/cx_overcooked -- -j8 -l8
[0.071s] -- Found ament_cmake: 1.3.9 (/usr/lib64/ros2-humble/share/ament_cmake/cmake)
[0.199s] -- Override CMake install command with custom implementation using symlinks instead of copying resources
[0.212s] -- Found ament_lint_auto: 0.12.11 (/usr/lib64/ros2-humble/share/ament_lint_auto/cmake)
[0.340s] -- Added test 'flake8' to check Python code syntax and style conventions
[0.341s] -- Added test 'lint_cmake' to check CMake code style
[0.341s] -- Added test 'pep257' to check Python code against some of the docstring style conventions in PEP 257
[0.344s] -- Added test 'xmllint' to check XML markup files
[0.345s] -- Configuring done (0.3s)
[0.349s] -- Generating done (0.0s)
[0.351s] -- Build files have been written to: /home/frankpier/overcooked_ws/build/cx_overcooked
[0.369s] Invoked command in '/home/frankpier/overcooked_ws/build/cx_overcooked' returned '0': CMAKE_PREFIX_PATH=${CMAKE_PREFIX_PATH}:/home/frankpier/cxrl_ws/install/cx_reinforcement_learning DEBUGINFOD_URLS=https://debuginfod.fedoraproject.org/ OLDPWD=${OLDPWD}
BASH_FUNC_ml%%=() {  eval "$($LMOD_DIR/ml_cmd "$@")"
}
BASH_FUNC_module%%=() {  if [ -z "${LMOD_SH_DBG_ON+x}" ]; then
 case "$-" in
 *v*x*)
 __lmod_sh_dbg='vx'
 ;;
 *v*)
 __lmod_sh_dbg='v'
 ;;
 *x*)
 __lmod_sh_dbg='x'
 ;;
 esac;
 fi;
 if [ -n "${__lmod_sh_dbg:-}" ]; then
 set +$__lmod_sh_dbg;
 echo "Shell debugging temporarily silenced: export LMOD_SH_DBG_ON=1 for Lmod's output" 1>&2;
 fi;
 eval "$($LMOD_CMD shell "$@")" && eval "$(${LMOD_SETTARG_CMD:-:} -s sh)";
 __lmod_my_status=$?;
 if [ -n "${__lmod_sh_dbg:-}" ]; then
 echo "Shell debugging restarted" 1>&2;
 set -$__lmod_sh_dbg;
 fi;
 unset __lmod_sh_dbg;
 return $__lmod_my_status
}
BASH_FUNC_frgs%%=() {  $FAWKES_DIR/bin/./gazsim.bash -x kill;
 killall gzserver;
 $FAWKES_DIR/bin/./gazsim.bash -x start -r -k -a -l "$@"
}
BASH_FUNC_frcheck%%=() {  cd $FAWKES_DIR;
 make check;
 cd --
}
BASH_FUNC_frtest%%=() {  $FAWKES_DIR/tests.d/./cx-simtest.bash -k "$@"
}
BASH_FUNC_gitfulldiff%%=() {  git diff -U$(wc -l $1)
}
BASH_FUNC_frss%%=() {  $FAWKES_DIR/bin/./gazsim.bash -x kill;
 $FAWKES_DIR/bin/./gazsim.bash -r -k -o -m m-skill-sim-clips-exec "$@"
} _=/usr/bin/env /home/frankpier/.local/bin/cmake --build /home/frankpier/overcooked_ws/build/cx_overcooked -- -j8 -l8
[0.479s] Invoking command in '/home/frankpier/overcooked_ws/build/cx_overcooked': CMAKE_PREFIX_PATH=${CMAKE_PREFIX_PATH}:/home/frankpier/cxrl_ws/install/cx_reinforcement_learning DEBUGINFOD_URLS=https://debuginfod.fedoraproject.org/ OLDPWD=${OLDPWD}
BASH_FUNC_ml%%=() {  eval "$($LMOD_DIR/ml_cmd "$@")"
}
BASH_FUNC_module%%=() {  if [ -z "${LMOD_SH_DBG_ON+x}" ]; then
 case "$-" in
 *v*x*)
 __lmod_sh_dbg='vx'
 ;;
 *v*)
 __lmod_sh_dbg='v'
 ;;
 *x*)
 __lmod_sh_dbg='x'
 ;;
 esac;
 fi;
 if [ -n "${__lmod_sh_dbg:-}" ]; then
 set +$__lmod_sh_dbg;
 echo "Shell debugging temporarily silenced: export LMOD_SH_DBG_ON=1 for Lmod's output" 1>&2;
 fi;
 eval "$($LMOD_CMD shell "$@")" && eval "$(${LMOD_SETTARG_CMD:-:} -s sh)";
 __lmod_my_status=$?;
 if [ -n "${__lmod_sh_dbg:-}" ]; then
 echo "Shell debugging restarted" 1>&2;
 set -$__lmod_sh_dbg;
 fi;
 unset __lmod_sh_dbg;
 return $__lmod_my_status
}
BASH_FUNC_frgs%%=() {  $FAWKES_DIR/bin/./gazsim.bash -x kill;
 killall gzserver;
 $FAWKES_DIR/bin/./gazsim.bash -x start -r -k -a -l "$@"
}
BASH_FUNC_frcheck%%=() {  cd $FAWKES_DIR;
 make check;
 cd --
}
BASH_FUNC_frtest%%=() {  $FAWKES_DIR/tests.d/./cx-simtest.bash -k "$@"
}
BASH_FUNC_gitfulldiff%%=() {  git diff -U$(wc -l $1)
}
BASH_FUNC_frss%%=() {  $FAWKES_DIR/bin/./gazsim.bash -x kill;
 $FAWKES_DIR/bin/./gazsim.bash -r -k -o -m m-skill-sim-clips-exec "$@"
} _=/usr/bin/env /home/frankpier/.local/bin/cmake --install /home/frankpier/overcooked_ws/build/cx_overcooked
[0.514s] -- Install configuration: ""
[0.517s] -- Execute custom install script
[0.517s] [31mCMake Error at ament_cmake_symlink_install/ament_cmake_symlink_install.cmake:100 (message):
[0.517s]   ament_cmake_symlink_install_directory() can't find
[0.517s]   '/home/frankpier/overcooked_ws/src/cx_overcooked/tutorial-agent'
[0.517s] Call Stack (most recent call first):
[0.517s]   ament_cmake_symlink_install/ament_cmake_symlink_install.cmake:314 (ament_cmake_symlink_install_directory)
[0.517s]   cmake_install.cmake:46 (include)
[0.517s] 
[0.517s] [0m
[0.522s] Invoked command in '/home/frankpier/overcooked_ws/build/cx_overcooked' returned '1': CMAKE_PREFIX_PATH=${CMAKE_PREFIX_PATH}:/home/frankpier/cxrl_ws/install/cx_reinforcement_learning DEBUGINFOD_URLS=https://debuginfod.fedoraproject.org/ OLDPWD=${OLDPWD}
BASH_FUNC_ml%%=() {  eval "$($LMOD_DIR/ml_cmd "$@")"
}
BASH_FUNC_module%%=() {  if [ -z "${LMOD_SH_DBG_ON+x}" ]; then
 case "$-" in
 *v*x*)
 __lmod_sh_dbg='vx'
 ;;
 *v*)
 __lmod_sh_dbg='v'
 ;;
 *x*)
 __lmod_sh_dbg='x'
 ;;
 esac;
 fi;
 if [ -n "${__lmod_sh_dbg:-}" ]; then
 set +$__lmod_sh_dbg;
 echo "Shell debugging temporarily silenced: export LMOD_SH_DBG_ON=1 for Lmod's output" 1>&2;
 fi;
 eval "$($LMOD_CMD shell "$@")" && eval "$(${LMOD_SETTARG_CMD:-:} -s sh)";
 __lmod_my_status=$?;
 if [ -n "${__lmod_sh_dbg:-}" ]; then
 echo "Shell debugging restarted" 1>&2;
 set -$__lmod_sh_dbg;
 fi;
 unset __lmod_sh_dbg;
 return $__lmod_my_status
}
BASH_FUNC_frgs%%=() {  $FAWKES_DIR/bin/./gazsim.bash -x kill;
 killall gzserver;
 $FAWKES_DIR/bin/./gazsim.bash -x start -r -k -a -l "$@"
}
BASH_FUNC_frcheck%%=() {  cd $FAWKES_DIR;
 make check;
 cd --
}
BASH_FUNC_frtest%%=() {  $FAWKES_DIR/tests.d/./cx-simtest.bash -k "$@"
}
BASH_FUNC_gitfulldiff%%=() {  git diff -U$(wc -l $1)
}
BASH_FUNC_frss%%=() {  $FAWKES_DIR/bin/./gazsim.bash -x kill;
 $FAWKES_DIR/bin/./gazsim.bash -r -k -o -m m-skill-sim-clips-exec "$@"
} _=/usr/bin/env /home/frankpier/.local/bin/cmake --install /home/frankpier/overcooked_ws/build/cx_overcooked
